  TIc_tac_toe.cpp
c:\users\arkad\documents\deadshot files\c++ programs\sfml\tests\tic_tac_toe\tic_tac_toe\tic_tac_toe.cpp(120): warning C4244: '=': conversion from 'T' to 'int', possible loss of data
          with
          [
              T=float
          ]
c:\users\arkad\documents\deadshot files\c++ programs\sfml\tests\tic_tac_toe\tic_tac_toe\tic_tac_toe.cpp(121): warning C4244: '=': conversion from 'T' to 'int', possible loss of data
          with
          [
              T=float
          ]
c:\users\arkad\documents\deadshot files\c++ programs\sfml\tests\tic_tac_toe\tic_tac_toe\tic_tac_toe.cpp(123): warning C4244: 'argument': conversion from 'int' to 'T', possible loss of data
          with
          [
              T=float
          ]
c:\users\arkad\documents\deadshot files\c++ programs\sfml\tests\tic_tac_toe\tic_tac_toe\tic_tac_toe.cpp(124): warning C4244: 'argument': conversion from 'int' to 'float', possible loss of data
c:\users\arkad\documents\deadshot files\c++ programs\sfml\tests\tic_tac_toe\tic_tac_toe\tic_tac_toe.cpp(125): warning C4244: 'argument': conversion from 'int' to 'float', possible loss of data
c:\users\arkad\documents\deadshot files\c++ programs\sfml\tests\tic_tac_toe\tic_tac_toe\tic_tac_toe.cpp(129): warning C4244: 'initializing': conversion from 'T' to 'float', possible loss of data
          with
          [
              T=int
          ]
c:\users\arkad\documents\deadshot files\c++ programs\sfml\tests\tic_tac_toe\tic_tac_toe\tic_tac_toe.cpp(130): warning C4244: 'initializing': conversion from 'T' to 'float', possible loss of data
          with
          [
              T=int
          ]
c:\users\arkad\documents\deadshot files\c++ programs\sfml\tests\tic_tac_toe\tic_tac_toe\tic_tac_toe.cpp(206): warning C4244: 'argument': conversion from 'int' to 'float', possible loss of data
c:\users\arkad\documents\deadshot files\c++ programs\sfml\tests\tic_tac_toe\tic_tac_toe\tic_tac_toe.cpp(219): warning C4244: 'argument': conversion from 'int' to 'T', possible loss of data
          with
          [
              T=float
          ]
c:\users\arkad\documents\deadshot files\c++ programs\sfml\tests\tic_tac_toe\tic_tac_toe\tic_tac_toe.cpp(232): warning C4244: '=': conversion from 'T' to 'int', possible loss of data
          with
          [
              T=float
          ]
c:\users\arkad\documents\deadshot files\c++ programs\sfml\tests\tic_tac_toe\tic_tac_toe\tic_tac_toe.cpp(233): warning C4244: '=': conversion from 'T' to 'int', possible loss of data
          with
          [
              T=float
          ]
c:\users\arkad\documents\deadshot files\c++ programs\sfml\tests\tic_tac_toe\tic_tac_toe\tic_tac_toe.cpp(240): warning C4244: 'argument': conversion from 'int' to 'float', possible loss of data
c:\users\arkad\documents\deadshot files\c++ programs\sfml\tests\tic_tac_toe\tic_tac_toe\tic_tac_toe.cpp(248): warning C4244: 'initializing': conversion from 'T' to 'float', possible loss of data
          with
          [
              T=int
          ]
c:\users\arkad\documents\deadshot files\c++ programs\sfml\tests\tic_tac_toe\tic_tac_toe\tic_tac_toe.cpp(249): warning C4244: 'initializing': conversion from 'T' to 'float', possible loss of data
          with
          [
              T=int
          ]
c:\users\arkad\documents\deadshot files\c++ programs\sfml\tests\tic_tac_toe\tic_tac_toe\tic_tac_toe.cpp(307): warning C4244: 'initializing': conversion from 'T' to 'float', possible loss of data
          with
          [
              T=int
          ]
c:\users\arkad\documents\deadshot files\c++ programs\sfml\tests\tic_tac_toe\tic_tac_toe\tic_tac_toe.cpp(308): warning C4244: 'initializing': conversion from 'T' to 'float', possible loss of data
          with
          [
              T=int
          ]
c:\users\arkad\documents\deadshot files\c++ programs\sfml\tests\tic_tac_toe\tic_tac_toe\tic_tac_toe.cpp(332): warning C4244: 'initializing': conversion from 'T' to 'float', possible loss of data
          with
          [
              T=int
          ]
c:\users\arkad\documents\deadshot files\c++ programs\sfml\tests\tic_tac_toe\tic_tac_toe\tic_tac_toe.cpp(333): warning C4244: 'initializing': conversion from 'T' to 'float', possible loss of data
          with
          [
              T=int
          ]
c:\users\arkad\documents\deadshot files\c++ programs\sfml\tests\tic_tac_toe\tic_tac_toe\tic_tac_toe.cpp(401): warning C4244: 'argument': conversion from 'int' to 'float', possible loss of data
c:\users\arkad\documents\deadshot files\c++ programs\sfml\tests\tic_tac_toe\tic_tac_toe\tic_tac_toe.cpp(414): warning C4244: 'argument': conversion from 'int' to 'T', possible loss of data
          with
          [
              T=float
          ]
c:\users\arkad\documents\deadshot files\c++ programs\sfml\tests\tic_tac_toe\tic_tac_toe\tic_tac_toe.cpp(427): warning C4244: '=': conversion from 'T' to 'int', possible loss of data
          with
          [
              T=float
          ]
c:\users\arkad\documents\deadshot files\c++ programs\sfml\tests\tic_tac_toe\tic_tac_toe\tic_tac_toe.cpp(428): warning C4244: '=': conversion from 'T' to 'int', possible loss of data
          with
          [
              T=float
          ]
c:\users\arkad\documents\deadshot files\c++ programs\sfml\tests\tic_tac_toe\tic_tac_toe\tic_tac_toe.cpp(435): warning C4244: 'argument': conversion from 'int' to 'float', possible loss of data
c:\users\arkad\documents\deadshot files\c++ programs\sfml\tests\tic_tac_toe\tic_tac_toe\tic_tac_toe.cpp(443): warning C4244: 'initializing': conversion from 'T' to 'float', possible loss of data
          with
          [
              T=int
          ]
c:\users\arkad\documents\deadshot files\c++ programs\sfml\tests\tic_tac_toe\tic_tac_toe\tic_tac_toe.cpp(444): warning C4244: 'initializing': conversion from 'T' to 'float', possible loss of data
          with
          [
              T=int
          ]
c:\users\arkad\documents\deadshot files\c++ programs\sfml\tests\tic_tac_toe\tic_tac_toe\tic_tac_toe.cpp(771): warning C4244: '=': conversion from 'T' to 'int', possible loss of data
          with
          [
              T=float
          ]
c:\users\arkad\documents\deadshot files\c++ programs\sfml\tests\tic_tac_toe\tic_tac_toe\tic_tac_toe.cpp(772): warning C4244: '=': conversion from 'T' to 'int', possible loss of data
          with
          [
              T=float
          ]
c:\users\arkad\documents\deadshot files\c++ programs\sfml\tests\tic_tac_toe\tic_tac_toe\tic_tac_toe.cpp(773): warning C4244: 'argument': conversion from 'int' to 'float', possible loss of data
c:\users\arkad\documents\deadshot files\c++ programs\sfml\tests\tic_tac_toe\tic_tac_toe\tic_tac_toe.cpp(777): warning C4244: 'initializing': conversion from 'T' to 'float', possible loss of data
          with
          [
              T=int
          ]
c:\users\arkad\documents\deadshot files\c++ programs\sfml\tests\tic_tac_toe\tic_tac_toe\tic_tac_toe.cpp(778): warning C4244: 'initializing': conversion from 'T' to 'float', possible loss of data
          with
          [
              T=int
          ]
  TIc_tac_toe.vcxproj -> C:\Users\arkad\Documents\DEADSHOT FILES\C++ Programs\SFML\TESTS\TIc_tac_toe\Debug\TIc_tac_toe.exe
